\BOOKMARK [0][-]{chapter*.3}{List of Figures}{}% 1
\BOOKMARK [0][-]{chapter*.4}{List of Tables}{}% 2
\BOOKMARK [0][-]{chapter*.5}{List of Abbreviations}{}% 3
\BOOKMARK [0][-]{chapter.1}{Introduction}{}% 4
\BOOKMARK [1][-]{section.1.1}{Background}{chapter.1}% 5
\BOOKMARK [2][-]{subsection.1.1.1}{Mass Spectrometry}{section.1.1}% 6
\BOOKMARK [2][-]{subsection.1.1.2}{Bioinformatics Tool}{section.1.1}% 7
\BOOKMARK [2][-]{subsection.1.1.3}{Percolator}{section.1.1}% 8
\BOOKMARK [2][-]{subsection.1.1.4}{ROC curves}{section.1.1}% 9
\BOOKMARK [0][-]{chapter.2}{Material and Methods}{}% 10
\BOOKMARK [1][-]{section.2.1}{Implementation of the percolator algorithm}{chapter.2}% 11
\BOOKMARK [1][-]{section.2.2}{Adapting Percolator to Cross-link Identification}{chapter.2}% 12
\BOOKMARK [2][-]{subsection.2.2.1}{Different Ranks}{section.2.2}% 13
\BOOKMARK [2][-]{subsection.2.2.2}{Characteristics of Cross-linked PSMs}{section.2.2}% 14
\BOOKMARK [2][-]{subsection.2.2.3}{Small datasets}{section.2.2}% 15
\BOOKMARK [0][-]{chapter.3}{Results}{}% 16
\BOOKMARK [1][-]{section.3.1}{Implementation of the percolator algorithm}{chapter.3}% 17
\BOOKMARK [1][-]{section.3.2}{Adapting Percolator to Cross-link Identification}{chapter.3}% 18
\BOOKMARK [2][-]{subsection.3.2.1}{Different Ranks}{section.3.2}% 19
\BOOKMARK [2][-]{subsection.3.2.2}{Characteristics of Cross-linked PSMs}{section.3.2}% 20
\BOOKMARK [2][-]{subsection.3.2.3}{Small datasets}{section.3.2}% 21
\BOOKMARK [0][-]{chapter.4}{Discussion and Outlook}{}% 22
\BOOKMARK [0][-]{chapter.4}{Bibliography}{}% 23
