This is pdfTeX, Version 3.14159265-2.6-1.40.19 (TeX Live 2018/W32TeX) (preloaded format=pdflatex 2018.5.8)  9 AUG 2020 13:27
entering extended mode
 restricted \write18 enabled.
 %&-line parsing enabled.
**thesis.tex
(./thesis.tex
LaTeX2e <2018-04-01> patch level 4
Babel <3.20> and hyphenation patterns for 10 language(s) loaded.
(c:/texlive/2018/texmf-dist/tex/latex/base/report.cls
Document Class: report 2014/09/29 v1.4h Standard LaTeX document class
(c:/texlive/2018/texmf-dist/tex/latex/base/size12.clo
File: size12.clo 2014/09/29 v1.4h Standard LaTeX file (size option)
)
\c@part=\count80
\c@chapter=\count81
\c@section=\count82
\c@subsection=\count83
\c@subsubsection=\count84
\c@paragraph=\count85
\c@subparagraph=\count86
\c@figure=\count87
\c@table=\count88
\abovecaptionskip=\skip41
\belowcaptionskip=\skip42
\bibindent=\dimen102
)
(c:/texlive/2018/texmf-dist/tex/generic/babel/babel.sty
Package: babel 2018/05/02 3.20 The Babel package

(c:/texlive/2018/texmf-dist/tex/generic/babel/switch.def
File: switch.def 2018/05/02 3.20 Babel switching mechanism
)
(c:/texlive/2018/texmf-dist/tex/generic/babel-english/english.ldf
Language: english 2017/06/06 v3.3r English support from the babel system

(c:/texlive/2018/texmf-dist/tex/generic/babel/babel.def
File: babel.def 2018/05/02 3.20 Babel common definitions
\babel@savecnt=\count89
\U@D=\dimen103

(c:/texlive/2018/texmf-dist/tex/generic/babel/txtbabel.def)
\bbl@dirlevel=\count90
)
\l@canadian = a dialect from \language\l@american 
\l@australian = a dialect from \language\l@british 
\l@newzealand = a dialect from \language\l@british 
))
(c:/texlive/2018/texmf-dist/tex/generic/epsf/epsf.sty
This is `epsf.tex' v2.7.4 <14 February 2011>
\epsffilein=\read1
\epsfframemargin=\dimen104
\epsfframethickness=\dimen105
\epsfrsize=\dimen106
\epsftmp=\dimen107
\epsftsize=\dimen108
\epsfxsize=\dimen109
\epsfysize=\dimen110
\pspoints=\dimen111
) (c:/texlive/2018/texmf-dist/tex/latex/graphics/graphics.sty
Package: graphics 2017/06/25 v1.2c Standard LaTeX Graphics (DPC,SPQR)

(c:/texlive/2018/texmf-dist/tex/latex/graphics/trig.sty
Package: trig 2016/01/03 v1.10 sin cos tan (DPC)
)
(c:/texlive/2018/texmf-dist/tex/latex/graphics-cfg/graphics.cfg
File: graphics.cfg 2016/06/04 v1.11 sample graphics configuration
)
Package graphics Info: Driver file: pdftex.def on input line 99.

(c:/texlive/2018/texmf-dist/tex/latex/graphics-def/pdftex.def
File: pdftex.def 2018/01/08 v1.0l Graphics/color driver for pdftex
))
(c:/texlive/2018/texmf-dist/tex/latex/graphics/graphicx.sty
Package: graphicx 2017/06/01 v1.1a Enhanced LaTeX Graphics (DPC,SPQR)

(c:/texlive/2018/texmf-dist/tex/latex/graphics/keyval.sty
Package: keyval 2014/10/28 v1.15 key=value parser (DPC)
\KV@toks@=\toks14
)
\Gin@req@height=\dimen112
\Gin@req@width=\dimen113
)
(c:/texlive/2018/texmf-dist/tex/latex/base/latexsym.sty
Package: latexsym 1998/08/17 v2.2e Standard LaTeX package (lasy symbols)
\symlasy=\mathgroup4
LaTeX Font Info:    Overwriting symbol font `lasy' in version `bold'
(Font)                  U/lasy/m/n --> U/lasy/b/n on input line 52.
)
(c:/texlive/2018/texmf-dist/tex/latex/caption/caption.sty
Package: caption 2017/03/19 v3.3-145 Customizing captions (AR)

(c:/texlive/2018/texmf-dist/tex/latex/caption/caption3.sty
Package: caption3 2018/04/15 v1.7-167 caption3 kernel (AR)
Package caption3 Info: TeX engine: e-TeX on input line 64.
\captionmargin=\dimen114
\captionmargin@=\dimen115
\captionwidth=\dimen116
\caption@tempdima=\dimen117
\caption@indent=\dimen118
\caption@parindent=\dimen119
\caption@hangindent=\dimen120
)
\c@ContinuedFloat=\count91
)
(c:/texlive/2018/texmf-dist/tex/latex/base/inputenc.sty
Package: inputenc 2018/04/06 v1.3b Input encoding file
\inpenc@prehook=\toks15
\inpenc@posthook=\toks16
)
(c:/texlive/2018/texmf-dist/tex/latex/amsmath/amsmath.sty
Package: amsmath 2017/09/02 v2.17a AMS math features
\@mathmargin=\skip43

For additional information on amsmath, use the `?' option.
(c:/texlive/2018/texmf-dist/tex/latex/amsmath/amstext.sty
Package: amstext 2000/06/29 v2.01 AMS text

(c:/texlive/2018/texmf-dist/tex/latex/amsmath/amsgen.sty
File: amsgen.sty 1999/11/30 v2.0 generic functions
\@emptytoks=\toks17
\ex@=\dimen121
))
(c:/texlive/2018/texmf-dist/tex/latex/amsmath/amsbsy.sty
Package: amsbsy 1999/11/29 v1.2d Bold Symbols
\pmbraise@=\dimen122
)
(c:/texlive/2018/texmf-dist/tex/latex/amsmath/amsopn.sty
Package: amsopn 2016/03/08 v2.02 operator names
)
\inf@bad=\count92
LaTeX Info: Redefining \frac on input line 213.
\uproot@=\count93
\leftroot@=\count94
LaTeX Info: Redefining \overline on input line 375.
\classnum@=\count95
\DOTSCASE@=\count96
LaTeX Info: Redefining \ldots on input line 472.
LaTeX Info: Redefining \dots on input line 475.
LaTeX Info: Redefining \cdots on input line 596.
\Mathstrutbox@=\box26
\strutbox@=\box27
\big@size=\dimen123
LaTeX Font Info:    Redeclaring font encoding OML on input line 712.
LaTeX Font Info:    Redeclaring font encoding OMS on input line 713.
\macc@depth=\count97
\c@MaxMatrixCols=\count98
\dotsspace@=\muskip10
\c@parentequation=\count99
\dspbrk@lvl=\count100
\tag@help=\toks18
\row@=\count101
\column@=\count102
\maxfields@=\count103
\andhelp@=\toks19
\eqnshift@=\dimen124
\alignsep@=\dimen125
\tagshift@=\dimen126
\tagwidth@=\dimen127
\totwidth@=\dimen128
\lineht@=\dimen129
\@envbody=\toks20
\multlinegap=\skip44
\multlinetaggap=\skip45
\mathdisplay@stack=\toks21
LaTeX Info: Redefining \[ on input line 2817.
LaTeX Info: Redefining \] on input line 2818.
)
(c:/texlive/2018/texmf-dist/tex/latex/amsfonts/amsfonts.sty
Package: amsfonts 2013/01/14 v3.01 Basic AMSFonts support
\symAMSa=\mathgroup5
\symAMSb=\mathgroup6
LaTeX Font Info:    Overwriting math alphabet `\mathfrak' in version `bold'
(Font)                  U/euf/m/n --> U/euf/b/n on input line 106.
)
(c:/texlive/2018/texmf-dist/tex/latex/amsfonts/amssymb.sty
Package: amssymb 2013/01/14 v3.01 AMS font symbols
)
(c:/texlive/2018/texmf-dist/tex/latex/natbib/natbib.sty
Package: natbib 2010/09/13 8.31b (PWD, AO)
\bibhang=\skip46
\bibsep=\skip47
LaTeX Info: Redefining \cite on input line 694.
\c@NAT@ctr=\count104
)
(c:/texlive/2018/texmf-dist/tex/latex/titling/titling.sty
Package: titling 2009/09/04 v2.1d maketitle typesetting
\thanksmarkwidth=\skip48
\thanksmargin=\skip49
\droptitle=\skip50
)
(c:/texlive/2018/texmf-dist/tex/latex/hyperref/hyperref.sty
Package: hyperref 2018/02/06 v6.86b Hypertext links for LaTeX

(c:/texlive/2018/texmf-dist/tex/generic/oberdiek/hobsub-hyperref.sty
Package: hobsub-hyperref 2016/05/16 v1.14 Bundle oberdiek, subset hyperref (HO)


(c:/texlive/2018/texmf-dist/tex/generic/oberdiek/hobsub-generic.sty
Package: hobsub-generic 2016/05/16 v1.14 Bundle oberdiek, subset generic (HO)
Package: hobsub 2016/05/16 v1.14 Construct package bundles (HO)
Package: infwarerr 2016/05/16 v1.4 Providing info/warning/error messages (HO)
Package: ltxcmds 2016/05/16 v1.23 LaTeX kernel commands for general use (HO)
Package: ifluatex 2016/05/16 v1.4 Provides the ifluatex switch (HO)
Package ifluatex Info: LuaTeX not detected.
Package: ifvtex 2016/05/16 v1.6 Detect VTeX and its facilities (HO)
Package ifvtex Info: VTeX not detected.
Package: intcalc 2016/05/16 v1.2 Expandable calculations with integers (HO)
Package: ifpdf 2017/03/15 v3.2 Provides the ifpdf switch
Package: etexcmds 2016/05/16 v1.6 Avoid name clashes with e-TeX commands (HO)
Package etexcmds Info: Could not find \expanded.
(etexcmds)             That can mean that you are not using pdfTeX 1.50 or
(etexcmds)             that some package has redefined \expanded.
(etexcmds)             In the latter case, load this package earlier.
Package: kvsetkeys 2016/05/16 v1.17 Key value parser (HO)
Package: kvdefinekeys 2016/05/16 v1.4 Define keys (HO)
Package: pdftexcmds 2018/01/30 v0.27 Utility functions of pdfTeX for LuaTeX (HO
)
Package pdftexcmds Info: LuaTeX not detected.
Package pdftexcmds Info: \pdf@primitive is available.
Package pdftexcmds Info: \pdf@ifprimitive is available.
Package pdftexcmds Info: \pdfdraftmode found.
Package: pdfescape 2016/05/16 v1.14 Implements pdfTeX's escape features (HO)
Package: bigintcalc 2016/05/16 v1.4 Expandable calculations on big integers (HO
)
Package: bitset 2016/05/16 v1.2 Handle bit-vector datatype (HO)
Package: uniquecounter 2016/05/16 v1.3 Provide unlimited unique counter (HO)
)
Package hobsub Info: Skipping package `hobsub' (already loaded).
Package: letltxmacro 2016/05/16 v1.5 Let assignment for LaTeX macros (HO)
Package: hopatch 2016/05/16 v1.3 Wrapper for package hooks (HO)
Package: xcolor-patch 2016/05/16 xcolor patch
Package: atveryend 2016/05/16 v1.9 Hooks at the very end of document (HO)
Package atveryend Info: \enddocument detected (standard20110627).
Package: atbegshi 2016/06/09 v1.18 At begin shipout hook (HO)
Package: refcount 2016/05/16 v3.5 Data extraction from label references (HO)
Package: hycolor 2016/05/16 v1.8 Color options for hyperref/bookmark (HO)
)
(c:/texlive/2018/texmf-dist/tex/generic/ifxetex/ifxetex.sty
Package: ifxetex 2010/09/12 v0.6 Provides ifxetex conditional
)
(c:/texlive/2018/texmf-dist/tex/latex/oberdiek/auxhook.sty
Package: auxhook 2016/05/16 v1.4 Hooks for auxiliary files (HO)
)
(c:/texlive/2018/texmf-dist/tex/latex/oberdiek/kvoptions.sty
Package: kvoptions 2016/05/16 v3.12 Key value format for package options (HO)
)
\@linkdim=\dimen130
\Hy@linkcounter=\count105
\Hy@pagecounter=\count106

(c:/texlive/2018/texmf-dist/tex/latex/hyperref/pd1enc.def
File: pd1enc.def 2018/02/06 v6.86b Hyperref: PDFDocEncoding definition (HO)
Now handling font encoding PD1 ...
... no UTF-8 mapping file for font encoding PD1
)
\Hy@SavedSpaceFactor=\count107

(c:/texlive/2018/texmf-dist/tex/latex/latexconfig/hyperref.cfg
File: hyperref.cfg 2002/06/06 v1.2 hyperref configuration of TeXLive
)
Package hyperref Info: Hyper figures OFF on input line 4509.
Package hyperref Info: Link nesting OFF on input line 4514.
Package hyperref Info: Hyper index ON on input line 4517.
Package hyperref Info: Plain pages OFF on input line 4524.
Package hyperref Info: Backreferencing OFF on input line 4529.
Package hyperref Info: Implicit mode ON; LaTeX internals redefined.
Package hyperref Info: Bookmarks ON on input line 4762.
\c@Hy@tempcnt=\count108

(c:/texlive/2018/texmf-dist/tex/latex/url/url.sty
\Urlmuskip=\muskip11
Package: url 2013/09/16  ver 3.4  Verb mode for urls, etc.
)
LaTeX Info: Redefining \url on input line 5115.
\XeTeXLinkMargin=\dimen131
\Fld@menulength=\count109
\Field@Width=\dimen132
\Fld@charsize=\dimen133
Package hyperref Info: Hyper figures OFF on input line 6369.
Package hyperref Info: Link nesting OFF on input line 6374.
Package hyperref Info: Hyper index ON on input line 6377.
Package hyperref Info: backreferencing OFF on input line 6384.
Package hyperref Info: Link coloring OFF on input line 6389.
Package hyperref Info: Link coloring with OCG OFF on input line 6394.
Package hyperref Info: PDF/A mode OFF on input line 6399.
LaTeX Info: Redefining \ref on input line 6439.
LaTeX Info: Redefining \pageref on input line 6443.
\Hy@abspage=\count110
\c@Item=\count111
\c@Hfootnote=\count112
)
Package hyperref Info: Driver (autodetected): hpdftex.

(c:/texlive/2018/texmf-dist/tex/latex/hyperref/hpdftex.def
File: hpdftex.def 2018/02/06 v6.86b Hyperref driver for pdfTeX
\Fld@listcount=\count113
\c@bookmark@seq@number=\count114

(c:/texlive/2018/texmf-dist/tex/latex/oberdiek/rerunfilecheck.sty
Package: rerunfilecheck 2016/05/16 v1.8 Rerun checks for auxiliary files (HO)
Package uniquecounter Info: New unique counter `rerunfilecheck' on input line 2
82.
)
\Hy@SectionHShift=\skip51
)
(c:/texlive/2018/texmf-dist/tex/latex/caption/subcaption.sty
Package: subcaption 2016/05/22 v1.1-161 Sub-captions (AR)
\c@subfigure=\count115
\c@subtable=\count116
)
(c:/texlive/2018/texmf-dist/tex/latex/multirow/multirow.sty
Package: multirow 2016/11/25 v2.2 Span multiple rows of a table
\multirow@colwidth=\skip52
\multirow@cntb=\count117
\multirow@dima=\skip53
\bigstrutjot=\dimen134
) (./thesis.aux)
\openout1 = `thesis.aux'.

LaTeX Font Info:    Checking defaults for OML/cmm/m/it on input line 41.
LaTeX Font Info:    ... okay on input line 41.
LaTeX Font Info:    Checking defaults for T1/cmr/m/n on input line 41.
LaTeX Font Info:    ... okay on input line 41.
LaTeX Font Info:    Checking defaults for OT1/cmr/m/n on input line 41.
LaTeX Font Info:    ... okay on input line 41.
LaTeX Font Info:    Checking defaults for OMS/cmsy/m/n on input line 41.
LaTeX Font Info:    ... okay on input line 41.
LaTeX Font Info:    Checking defaults for OMX/cmex/m/n on input line 41.
LaTeX Font Info:    ... okay on input line 41.
LaTeX Font Info:    Checking defaults for U/cmr/m/n on input line 41.
LaTeX Font Info:    ... okay on input line 41.
LaTeX Font Info:    Checking defaults for PD1/pdf/m/n on input line 41.
LaTeX Font Info:    ... okay on input line 41.

(c:/texlive/2018/texmf-dist/tex/context/base/mkii/supp-pdf.mkii
[Loading MPS to PDF converter (version 2006.09.02).]
\scratchcounter=\count118
\scratchdimen=\dimen135
\scratchbox=\box28
\nofMPsegments=\count119
\nofMParguments=\count120
\everyMPshowfont=\toks22
\MPscratchCnt=\count121
\MPscratchDim=\dimen136
\MPnumerator=\count122
\makeMPintoPDFobject=\count123
\everyMPtoPDFconversion=\toks23
) (c:/texlive/2018/texmf-dist/tex/latex/oberdiek/epstopdf-base.sty
Package: epstopdf-base 2016/05/15 v2.6 Base part for package epstopdf

(c:/texlive/2018/texmf-dist/tex/latex/oberdiek/grfext.sty
Package: grfext 2016/05/16 v1.2 Manage graphics extensions (HO)
)
Package epstopdf-base Info: Redefining graphics rule for `.eps' on input line 4
38.
Package grfext Info: Graphics extension search list:
(grfext)             [.pdf,.png,.jpg,.mps,.jpeg,.jbig2,.jb2,.PDF,.PNG,.JPG,.JPE
G,.JBIG2,.JB2,.eps]
(grfext)             \AppendGraphicsExtensions on input line 456.

(c:/texlive/2018/texmf-dist/tex/latex/latexconfig/epstopdf-sys.cfg
File: epstopdf-sys.cfg 2010/07/13 v1.3 Configuration of (r)epstopdf for TeX Liv
e
))
Package caption Info: Begin \AtBeginDocument code.
Package caption Info: hyperref package is loaded.
Package caption Info: End \AtBeginDocument code.
\AtBeginShipoutBox=\box29
Package hyperref Info: Link coloring OFF on input line 41.

(c:/texlive/2018/texmf-dist/tex/latex/hyperref/nameref.sty
Package: nameref 2016/05/21 v2.44 Cross-referencing by name of section

(c:/texlive/2018/texmf-dist/tex/generic/oberdiek/gettitlestring.sty
Package: gettitlestring 2016/05/16 v1.5 Cleanup title references (HO)
)
\c@section@level=\count124
)
LaTeX Info: Redefining \ref on input line 41.
LaTeX Info: Redefining \pageref on input line 41.
LaTeX Info: Redefining \nameref on input line 41.

(./thesis.out) (./thesis.out)
\@outlinefile=\write3
\openout3 = `thesis.out'.

 [1

{c:/texlive/2018/texmf-var/fonts/map/pdftex/updmap/pdftex.map}]
LaTeX Font Info:    Try loading font information for U+lasy on input line 82.
 (c:/texlive/2018/texmf-dist/tex/latex/base/ulasy.fd
File: ulasy.fd 1998/08/17 v2.2e LaTeX symbol font definitions
)
LaTeX Font Info:    Try loading font information for U+msa on input line 82.

(c:/texlive/2018/texmf-dist/tex/latex/amsfonts/umsa.fd
File: umsa.fd 2013/01/14 v3.01 AMS symbols A
)
LaTeX Font Info:    Try loading font information for U+msb on input line 82.

(c:/texlive/2018/texmf-dist/tex/latex/amsfonts/umsb.fd
File: umsb.fd 2013/01/14 v3.01 AMS symbols B
) [2] [1] [2]
(./thesis.toc [3


])
\tf@toc=\write4
\openout4 = `thesis.toc'.

 [4] (./thesis.lof)
\tf@lof=\write5
\openout5 = `thesis.lof'.

 [5


] [6

] (./thesis.lot)
\tf@lot=\write6
\openout6 = `thesis.lot'.

 [7

] [8

] [9

]
[10

] (./introduction_background.tex
Chapter 1.

Underfull \hbox (badness 10000) in paragraph at lines 15--16

 []


Underfull \vbox (badness 10000) has occurred while \output is active []

pdfTeX warning (ext4): destination with the same identifier (name{page.1}) has 
been already used, duplicate ignored
<to be read again> 
                   \relax 
l.16 	\subsection
                 {Mass Spectrometry} [1

]
<figures/Grafik_Timo.pdf, id=248, 597.50829pt x 845.0471pt>
File: figures/Grafik_Timo.pdf Graphic file (type pdf)
<use figures/Grafik_Timo.pdf>
Package pdftex.def Info: figures/Grafik_Timo.pdf  used on input line 23.
(pdftex.def)             Requested size: 398.33858pt x 182.79977pt.

Underfull \hbox (badness 10000) in paragraph at lines 18--29

 []

pdfTeX warning (ext4): destination with the same identifier (name{page.2}) has 
been already used, duplicate ignored
<to be read again> 
                   \relax 
l.29 	\subsection
                 {Bioinformatics Tools} [2 <./figures/Grafik_Timo.pdf>]
Underfull \vbox (badness 10000) has occurred while \output is active []

 [3]
Underfull \hbox (badness 10000) in paragraph at lines 39--41

 []


Underfull \hbox (badness 10000) in paragraph at lines 42--45

 []

[4]
<figures/ROC.png, id=345, 433.62pt x 289.08pt>
File: figures/ROC.png Graphic file (type png)
<use figures/ROC.png>
Package pdftex.def Info: figures/ROC.png  used on input line 52.
(pdftex.def)             Requested size: 398.33858pt x 265.57306pt.

Underfull \hbox (badness 10000) in paragraph at lines 47--58

 []

[5] [6 <./figures/ROC.png>]
<figures/pseudo_ROC_generated_dataset.png, id=365, 433.62pt x 289.08pt>
File: figures/pseudo_ROC_generated_dataset.png Graphic file (type png)
<use figures/pseudo_ROC_generated_dataset.png>
Package pdftex.def Info: figures/pseudo_ROC_generated_dataset.png  used on inpu
t line 68.
(pdftex.def)             Requested size: 195.18808pt x 130.12448pt.
<figures/pseudo_ROC_slow.png, id=368, 433.62pt x 289.08pt>
File: figures/pseudo_ROC_slow.png Graphic file (type png)
<use figures/pseudo_ROC_slow.png>
Package pdftex.def Info: figures/pseudo_ROC_slow.png  used on input line 73.
(pdftex.def)             Requested size: 195.18808pt x 130.12448pt.
) [7 <./figures/pseudo_ROC_generated_dataset.png> <./figures/pseudo_ROC_slow.pn
g>] [8

] (./material_methods.tex
Chapter 2.
<figures/Percolator_diagram.pdf, id=387, 963.6pt x 542.025pt>
File: figures/Percolator_diagram.pdf Graphic file (type pdf)
<use figures/Percolator_diagram.pdf>
Package pdftex.def Info: figures/Percolator_diagram.pdf  used on input line 14.

(pdftex.def)             Requested size: 398.33858pt x 224.0595pt.

Underfull \hbox (badness 10000) in paragraph at lines 8--19

 []


Overfull \hbox (33.83179pt too wide) in paragraph at lines 21--21
[][][]\OT1/cmr/m/n/10 https://scikit-learn.org/stable/modules/generated/sklearn
.model[]selection.GridSearchCV.html| 
 []

[9

] [10 <./figures/Percolator_diagram.pdf>]
<figures/Pycolator_diagram.pdf, id=432, page=2, 963.6pt x 542.025pt>
File: figures/Pycolator_diagram.pdf Graphic file (type pdf)
<use figures/Pycolator_diagram.pdf, page 2>
Package pdftex.def Info: figures/Pycolator_diagram.pdf , page2 used on input li
ne 40.
(pdftex.def)             Requested size: 398.33858pt x 224.0595pt.

Underfull \hbox (badness 10000) in paragraph at lines 33--45

 []


Underfull \vbox (badness 10000) has occurred while \output is active []

 [11]
Underfull \hbox (badness 10000) in paragraph at lines 50--50
[]$\OT1/cmtt/m/n/10 https : / / colab . research . google . com / drive / 1VqZA
mdta57YhgobA0WkQMqe _ U9YIUnDl ?
 []


Underfull \vbox (badness 10000) has occurred while \output is active []

 [12]
[13 <./figures/Pycolator_diagram.pdf>])
Underfull \hbox (badness 10000) in paragraph at lines 65--195

 []


Underfull \hbox (badness 10000) in paragraph at lines 65--195

 []

[14] [15] [16

] (./results.tex
Chapter 3.
<figures/noNorming.png, id=493, 433.62pt x 289.08pt>
File: figures/noNorming.png Graphic file (type png)
<use figures/noNorming.png>
Package pdftex.def Info: figures/noNorming.png  used on input line 13.
(pdftex.def)             Requested size: 195.18808pt x 130.12448pt.
<figures/norming.png, id=494, 433.62pt x 289.08pt>
File: figures/norming.png Graphic file (type png)
<use figures/norming.png>
Package pdftex.def Info: figures/norming.png  used on input line 19.
(pdftex.def)             Requested size: 195.18808pt x 130.12448pt.
<figures/pseudoROC_non-XL.png, id=505, 433.62pt x 289.08pt>
File: figures/pseudoROC_non-XL.png Graphic file (type png)
<use figures/pseudoROC_non-XL.png>
Package pdftex.def Info: figures/pseudoROC_non-XL.png  used on input line 36.
(pdftex.def)             Requested size: 195.18808pt x 130.12448pt.
<figures/pseudoROC_XL.png, id=506, 433.62pt x 289.08pt>
File: figures/pseudoROC_XL.png Graphic file (type png)
<use figures/pseudoROC_XL.png>
Package pdftex.def Info: figures/pseudoROC_XL.png  used on input line 42.
(pdftex.def)             Requested size: 195.18808pt x 130.12448pt.
<figures/pseudoROC_all.png, id=507, 433.62pt x 289.08pt>
File: figures/pseudoROC_all.png Graphic file (type png)
<use figures/pseudoROC_all.png>
Package pdftex.def Info: figures/pseudoROC_all.png  used on input line 48.
(pdftex.def)             Requested size: 195.18808pt x 130.12448pt.

Underfull \vbox (badness 2744) has occurred while \output is active []

 [17

 <./figures/noNorming.png> <./figures/norming.png>]
<figures/allRanks.png, id=528, 433.62pt x 289.08pt>
File: figures/allRanks.png Graphic file (type png)
<use figures/allRanks.png>
Package pdftex.def Info: figures/allRanks.png  used on input line 66.
(pdftex.def)             Requested size: 195.18808pt x 130.12448pt.
<figures/onlyFirstRank.png, id=531, 433.62pt x 289.08pt>
File: figures/onlyFirstRank.png Graphic file (type png)
<use figures/onlyFirstRank.png>
Package pdftex.def Info: figures/onlyFirstRank.png  used on input line 72.
(pdftex.def)             Requested size: 195.18808pt x 130.12448pt.
<figures/optimalRanking.png, id=534, 433.62pt x 289.08pt>
File: figures/optimalRanking.png Graphic file (type png)
<use figures/optimalRanking.png>
Package pdftex.def Info: figures/optimalRanking.png  used on input line 77.
(pdftex.def)             Requested size: 298.75392pt x 199.1787pt.

Underfull \vbox (badness 10000) has occurred while \output is active []

 [18 <./figures/pseudoROC_non-XL.png> <./figures/pseudoROC_XL.png> <./figures/p
seudoROC_all.png>]
<figures/no_imputation.png, id=546, 433.62pt x 289.08pt>
File: figures/no_imputation.png Graphic file (type png)
<use figures/no_imputation.png>
Package pdftex.def Info: figures/no_imputation.png  used on input line 154.
(pdftex.def)             Requested size: 195.18808pt x 130.12448pt.
<figures/imputation.png, id=547, 433.62pt x 289.08pt>
File: figures/imputation.png Graphic file (type png)
<use figures/imputation.png>
Package pdftex.def Info: figures/imputation.png  used on input line 160.
(pdftex.def)             Requested size: 195.18808pt x 130.12448pt.
<figures/split_by_xl.png, id=553, 433.62pt x 289.08pt>
File: figures/split_by_xl.png Graphic file (type png)
<use figures/split_by_xl.png>
Package pdftex.def Info: figures/split_by_xl.png  used on input line 177.
(pdftex.def)             Requested size: 195.18808pt x 130.12448pt.
<figures/split_by_bases.png, id=554, 433.62pt x 289.08pt>
File: figures/split_by_bases.png Graphic file (type png)
<use figures/split_by_bases.png>
Package pdftex.def Info: figures/split_by_bases.png  used on input line 183.
(pdftex.def)             Requested size: 195.18808pt x 130.12448pt.
 [19] [20 <./figures/allRanks.png> <./figures/onlyFirstRank.png> <./figures/opt
imalRanking.png>] [21 <./figures/no_imputation.png> <./figures/imputation.png>]
<figures/aucs_perc.png, id=585, 433.62pt x 254.9525pt>
File: figures/aucs_perc.png Graphic file (type png)
<use figures/aucs_perc.png>
Package pdftex.def Info: figures/aucs_perc.png  used on input line 200.
(pdftex.def)             Requested size: 195.18808pt x 114.76256pt.
<figures/ratio_idents_whole_df_NuXL.png, id=588, 433.62pt x 289.08pt>
File: figures/ratio_idents_whole_df_NuXL.png Graphic file (type png)
<use figures/ratio_idents_whole_df_NuXL.png>
Package pdftex.def Info: figures/ratio_idents_whole_df_NuXL.png  used on input 
line 208.
(pdftex.def)             Requested size: 195.18808pt x 130.12448pt.
<figures/ratio_idents_whole_df_percolator.png, id=589, 433.62pt x 289.08pt>
File: figures/ratio_idents_whole_df_percolator.png Graphic file (type png)
<use figures/ratio_idents_whole_df_percolator.png>
Package pdftex.def Info: figures/ratio_idents_whole_df_percolator.png  used on 
input line 214.
(pdftex.def)             Requested size: 195.18808pt x 130.12448pt.
<figures/expected.png, id=594, 433.62pt x 289.08pt>
File: figures/expected.png Graphic file (type png)
<use figures/expected.png>
Package pdftex.def Info: figures/expected.png  used on input line 230.
(pdftex.def)             Requested size: 195.18808pt x 130.12448pt.
<figures/found_vs_expected_dxl.png, id=595, 433.62pt x 289.08pt>
File: figures/found_vs_expected_dxl.png Graphic file (type png)
<use figures/found_vs_expected_dxl.png>
Package pdftex.def Info: figures/found_vs_expected_dxl.png  used on input line 
236.
(pdftex.def)             Requested size: 195.18808pt x 130.12448pt.
<figures/auc_p_vs_ori.png, id=600, 433.62pt x 289.08pt>
File: figures/auc_p_vs_ori.png Graphic file (type png)
<use figures/auc_p_vs_ori.png>
Package pdftex.def Info: figures/auc_p_vs_ori.png  used on input line 247.
(pdftex.def)             Requested size: 195.18808pt x 130.12448pt.
<figures/idents_p_vs_ori_zoomed.png, id=601, 433.62pt x 289.08pt>
File: figures/idents_p_vs_ori_zoomed.png Graphic file (type png)
<use figures/idents_p_vs_ori_zoomed.png>
Package pdftex.def Info: figures/idents_p_vs_ori_zoomed.png  used on input line
 253.
(pdftex.def)             Requested size: 195.18808pt x 130.12448pt.
) [22 <./figures/split_by_xl.png> <./figures/split_by_bases.png>]
[23 <./figures/aucs_perc.png> <./figures/ratio_idents_whole_df_NuXL.png> <./fig
ures/ratio_idents_whole_df_percolator.png>] [24 <./figures/expected.png> <./fig
ures/found_vs_expected_dxl.png> <./figures/auc_p_vs_ori.png> <./figures/idents_
p_vs_ori_zoomed.png>] (./discussion_outlook.tex
Chapter 4.
<figures/badPseudoROC.png, id=645, 381.425pt x 264.99pt>
File: figures/badPseudoROC.png Graphic file (type png)
<use figures/badPseudoROC.png>
Package pdftex.def Info: figures/badPseudoROC.png  used on input line 23.
(pdftex.def)             Requested size: 195.18808pt x 135.60405pt.
<figures/Pycolator_diagram.pdf, id=649, page=3, 963.6pt x 542.025pt>
File: figures/Pycolator_diagram.pdf Graphic file (type pdf)
<use figures/Pycolator_diagram.pdf, page 3>
Package pdftex.def Info: figures/Pycolator_diagram.pdf , page3 used on input li
ne 38.
(pdftex.def)             Requested size: 398.33858pt x 224.0595pt.

Underfull \hbox (badness 10000) in paragraph at lines 7--43

 []


Underfull \hbox (badness 10000) in paragraph at lines 7--43

 []


Underfull \hbox (badness 10000) in paragraph at lines 7--43

 []


Underfull \hbox (badness 10000) in paragraph at lines 7--43

 []


Underfull \hbox (badness 10000) in paragraph at lines 7--43

 []


Underfull \hbox (badness 10000) in paragraph at lines 7--43

 []


Underfull \hbox (badness 10000) in paragraph at lines 7--43

 []


Underfull \hbox (badness 10000) in paragraph at lines 7--43

 []


Underfull \hbox (badness 1072) in paragraph at lines 7--43
\OT1/cmr/m/n/12 This the-sis pro-duced a work-ing ver-sion of Per-co-la-tor in 
python. As
 []

[25


]
Underfull \vbox (badness 10000) has occurred while \output is active []

 [26]
Underfull \vbox (badness 10000) has occurred while \output is active []

 [27 <./figures/badPseudoROC.png>]
Underfull \hbox (badness 10000) in paragraph at lines 45--45
[][][][]$\OT1/cmtt/m/n/10 https : / / scikit-[]learn . org / stable / modules /
 classes . html ? highlight = feature %
 []


Underfull \hbox (badness 10000) in paragraph at lines 46--46
[][][][]$\OT1/cmtt/m/n/10 https : / / scikit-[]learn . org / stable / modules /
 generated / sklearn . ensemble .
 []

)
Underfull \vbox (badness 10000) has occurred while \output is active []

 [28]
[29 <./figures/Pycolator_diagram.pdf>] [30] (./thesis.bbl [31


] [32]) [33]
[34

]
Package atveryend Info: Empty hook `BeforeClearDocument' on input line 238.
 [35]
Package atveryend Info: Empty hook `AfterLastShipout' on input line 238.
 (./thesis.aux)
Package atveryend Info: Executing hook `AtVeryEndDocument' on input line 238.
Package atveryend Info: Executing hook `AtEndAfterFileList' on input line 238.
Package rerunfilecheck Info: File `thesis.out' has not changed.
(rerunfilecheck)             Checksum: 1173FB8703E874FEC774317268384F5B;1668.
Package atveryend Info: Empty hook `AtVeryVeryEnd' on input line 238.
 ) 
Here is how much of TeX's memory you used:
 8457 strings out of 494497
 126814 string characters out of 6174740
 242925 words of memory out of 5000000
 11825 multiletter control sequences out of 15000+600000
 16545 words of font info for 69 fonts, out of 8000000 for 9000
 36 hyphenation exceptions out of 8191
 36i,10n,43p,1398b,467s stack positions out of 5000i,500n,10000p,200000b,80000s
<c:/texlive/2018/texmf-dist/fonts/type1/public/amsfonts/cm/cmbx10.pfb><c:/tex
live/2018/texmf-dist/fonts/type1/public/amsfonts/cm/cmbx12.pfb><c:/texlive/2018
/texmf-dist/fonts/type1/public/amsfonts/cm/cmmi10.pfb><c:/texlive/2018/texmf-di
st/fonts/type1/public/amsfonts/cm/cmmi12.pfb><c:/texlive/2018/texmf-dist/fonts/
type1/public/amsfonts/cm/cmmi6.pfb><c:/texlive/2018/texmf-dist/fonts/type1/publ
ic/amsfonts/cm/cmmi8.pfb><c:/texlive/2018/texmf-dist/fonts/type1/public/amsfont
s/cm/cmr10.pfb><c:/texlive/2018/texmf-dist/fonts/type1/public/amsfonts/cm/cmr12
.pfb><c:/texlive/2018/texmf-dist/fonts/type1/public/amsfonts/cm/cmr17.pfb><c:/t
exlive/2018/texmf-dist/fonts/type1/public/amsfonts/cm/cmr5.pfb><c:/texlive/2018
/texmf-dist/fonts/type1/public/amsfonts/cm/cmr7.pfb><c:/texlive/2018/texmf-dist
/fonts/type1/public/amsfonts/cm/cmr8.pfb><c:/texlive/2018/texmf-dist/fonts/type
1/public/amsfonts/cm/cmsl12.pfb><c:/texlive/2018/texmf-dist/fonts/type1/public/
amsfonts/cm/cmsy10.pfb><c:/texlive/2018/texmf-dist/fonts/type1/public/amsfonts/
cm/cmsy8.pfb><c:/texlive/2018/texmf-dist/fonts/type1/public/amsfonts/cm/cmti12.
pfb><c:/texlive/2018/texmf-dist/fonts/type1/public/amsfonts/cm/cmtt10.pfb><c:/t
exlive/2018/texmf-dist/fonts/type1/public/amsfonts/cm/cmtt12.pfb><c:/texlive/20
18/texmf-dist/fonts/type1/public/amsfonts/cm/cmtt8.pfb><c:/texlive/2018/texmf-d
ist/fonts/type1/public/amsfonts/symbols/msbm10.pfb>
Output written on thesis.pdf (47 pages, 2221285 bytes).
PDF statistics:
 889 PDF objects out of 1000 (max. 8388607)
 669 compressed objects within 7 object streams
 129 named destinations out of 1000 (max. 500000)
 342 words of extra memory for PDF output out of 10000 (max. 10000000)

